46
0/2/468/158/4
1/4/511/397/4
2/1/200/420/3
3/3/318/164/2
4/0/588/130/5
5/2/584/414/3
6/1/449/499/1
7/3/270/84/4
8/4/437/156/3
9/0/553/463/5
10/1/395/541/4
11/0/159/77/5
12/3/117/394/2
13/2/574/260/3
14/4/81/295/5
15/0/624/250/5
16/4/128/525/5
17/1/110/565/5
18/3/39/274/4
19/2/743/129/2
20/1/276/370/1
21/3/643/79/3
22/4/309/443/3
23/2/724/558/2
24/0/334/516/1
25/0/405/534/2
26/4/704/259/1
27/1/477/261/5
28/3/722/74/5
29/2/82/244/2
30/0/229/394/2
31/4/728/210/4
32/3/365/247/2
33/2/62/431/1
34/1/644/340/3
35/3/407/30/3
36/0/757/491/1
37/1/270/133/4
38/2/386/198/1
39/4/337/88/1
40/2/44/549/5
41/4/725/44/1
42/3/683/339/1
43/1/95/299/1
44/0/27/495/1
45/1/82/171/1
/Fin Map/
0,9,6,14,5
0,6,1,17,15
0,1,20,14,1
0,4,13,18,10
0,15,26,17,2
0,26,42,12,2
0,13,34,15,6
0,30,43,8,4
0,34,5,9,9
0,42,5,13,11
0,20,32,8,5
0,11,37,16,16
0,25,22,8,15
/répartition dés/
34
15
24
32
34
11
1
25
20
43
43
1
30
36
1
26
20
/Fin répartition/
1,17,24,13,8
1,10,25,15,6
1,27,1,20,18
1,1,32,13,10
1,37,39,16,2
1,25,6,12,4
1,32,38,14,4
1,24,30,10,2
1,2,12,13,2
1,30,29,11,7
1,39,3,4,6
1,6,9,8,2
1,12,33,8,2
1,38,3,7,9
1,29,43,11,13
/répartition dés/
33
39
33
37
38
27
27
9
29
6
1
30
27
25
12
33
6
2
/Fin répartition/
2,40,44,20,2
2,44,33,15,15
/répartition dés/
23
19
/Fin répartition/
3,21,4,15,4
3,7,39,17,11
3,28,41,19,1
3,39,37,11,10
3,18,45,19,4
3,45,11,12,4
3,3,32,7,3
3,4,13,11,1
3,35,8,12,13
3,37,29,7,2
/répartition dés/
28
32
29
3
35
29
29
21
7
29
41
7
3
29
32
/Fin répartition/
4,16,24,23,4
4,14,12,15,4
4,24,17,13,6
4,17,40,4,2
4,22,10,12,3
4,12,2,12,9
4,2,30,9,6
4,40,44,7,2
4,10,25,9,4
4,30,43,7,9
/répartition dés/
24
17
8
12
16
30
24
22
10
22
10
16
/Fin répartition/
0,20,1,10,9
0,43,30,11,5
0,34,13,11,2
0,1,25,6,1
0,13,4,4,3
0,30,2,8,6
0,5,9,2,8
0,15,21,9,5
0,36,9,4,11
0,26,31,8,8
/répartition dés/
15
42
36
15
13
1
26
1
25
34
20
1
26
43
20
/Fin répartition/
1,27,13,19,7
1,13,4,12,5
1,4,21,9,3
1,38,39,10,5
1,6,1,13,17
1,9,1,11,19
/répartition dés/
13
6
38
4
21
13
/Fin répartition/
2,0,27,15,2
2,27,38,16,8
2,38,39,3,5
/répartition dés/
23
23
27
/Fin répartition/
3,3,39,12,1
3,29,14,22,6
3,14,12,17,6
3,12,2,19,1
3,2,30,8,5
3,32,38,14,3
3,35,0,6,3
3,30,43,6,3
3,38,27,6,3
3,39,8,7,13
/répartition dés/
35
3
38
29
29
32
30
29
11
43
3
3
2
18
28
35
35
45
/Fin répartition/
4,16,12,11,3
4,10,25,14,4
4,22,30,9,7
4,24,2,11,5
4,12,14,9,4
4,2,43,4,10
4,25,6,8,7
4,30,43,9,12
/répartition dés/
30
24
10
2
22
14
6
17
10
12
25
44
17
/Fin répartition/
0,1,27,12,6
0,27,0,5,6
0,15,4,9,7
0,20,30,7,7
0,4,0,4,5
0,36,9,9,3
0,26,31,10,21
0,34,13,3,12
/répartition dés/
4
34
27
15
42
20
4
5
34
42
26
/Fin répartition/
1,33,16,13,3
1,16,40,13,5
1,40,44,5,8
/répartition dés/
21
16
13
/Fin répartition/
2,23,9,17,1
2,9,1,11,1
2,1,20,12,5
2,20,30,8,7
/répartition dés/
23
30
19
23
30
/Fin répartition/
3,29,14,11,8
3,14,33,14,5
3,35,4,14,12
3,41,21,18,12
3,21,15,10,5
3,15,26,8,6
3,32,20,11,3
3,33,44,6,5
3,38,27,3,6
3,43,12,7,8
3,4,13,12,12
3,28,19,11,14
